<?xml version="1.0" encoding="UTF-8"?>
<testsuite name="com.bridgelabz.bookstore.EBookStore" tests="1" skipped="0" failures="0" errors="0" timestamp="2020-01-16T14:07:35" hostname="admin1-desktop" time="0.982">
  <properties/>
  <testcase name="givenEBookStore_SearchBookByTitle_ShouldReturnFalse" classname="com.bridgelabz.bookstore.EBookStore" time="0.982"/>
  <system-out><![CDATA[{
    "status": false,
    "error": [
        {
            "location": "body",
            "param": "field",
            "msg": "Field should not be empty",
            "value": ""
        }
    ]
}
{
    "status": false,
    "error": [
        {
            "location": "body",
            "param": "field",
            "msg": "Field should not be empty",
            "value": ""
        }
    ]
}
]]></system-out>
  <system-err><![CDATA[]]></system-err>
</testsuite>
