<?xml version="1.0" encoding="UTF-8"?>
<testsuite name="com.bridgelabz.bookstore.EBookStoreApplicationTestClass" tests="1" skipped="0" failures="0" errors="0" timestamp="2020-01-25T12:34:30" hostname="admin1-H110M-H" time="0.949">
  <properties/>
  <testcase name="givenEBookStore_WhenSearchBookByAuthorFullName_ThenShouldReturnBooksFound" classname="com.bridgelabz.bookstore.EBookStoreApplicationTestClass" time="0.949"/>
  <system-out><![CDATA[]]></system-out>
  <system-err><![CDATA[]]></system-err>
</testsuite>
